\BOOKMARK [1][-]{section.1}{\376\377\000R\000o\000b\000o\000M\000a\000s\000t\000e\000r\000\040\211\306\211\311\117\072\147\015\137\025\144\316\377\010\000r\000m\000-\000e\000n\000g\000i\000n\000e\377\011}{}% 1
\BOOKMARK [2][-]{subsection.1.1}{\376\377\230\171\166\356\200\314\146\157\116\016\166\356\150\007}{section.1}% 2
\BOOKMARK [2][-]{subsection.1.2}{\376\377\170\154\116\366\136\163\123\360\221\115\177\156}{section.1}% 3
\BOOKMARK [2][-]{subsection.1.3}{\376\377\000r\000m\000-\000e\000n\000g\000i\000n\000e\000\040\215\350\136\163\123\360\137\025\144\316\150\106\147\266}{section.1}% 4
\BOOKMARK [3][-]{subsubsection.1.3.1}{\376\377\137\025\144\316\147\266\147\204\122\006\134\102}{subsection.1.3}% 5
\BOOKMARK [3][-]{subsubsection.1.3.2}{\376\377\000P\000r\000e\000m\000a\000k\000e\0005\000\040\215\350\136\163\123\360\147\204\136\372\174\373\176\337}{subsection.1.3}% 6
\BOOKMARK [3][-]{subsubsection.1.3.3}{\376\377\131\032\176\277\172\013\152\041\127\127\123\026\217\320\210\114}{subsection.1.3}% 7
\BOOKMARK [2][-]{subsection.1.4}{\376\377\133\214\145\164\211\306\211\311\117\072\147\015\155\101\154\064\176\277}{section.1}% 8
\BOOKMARK [3][-]{subsubsection.1.4.1}{\376\377\000S\000t\000a\000g\000e\000\040\0001\040\023\0002\377\032\234\174\167\074\221\307\226\306\116\016\123\314\202\162\137\151\172\172\225\364\122\006\122\162}{subsection.1.4}% 9
\BOOKMARK [3][-]{subsubsection.1.4.2}{\376\377\000S\000t\000a\000g\000e\000\040\0003\040\023\0004\377\032\217\271\177\030\130\236\137\072\116\016\131\032\121\306\122\031\217\156\136\323\217\307\156\344}{subsection.1.4}% 10
\BOOKMARK [3][-]{subsubsection.1.4.3}{\376\377\000S\000t\000a\000g\000e\000\040\0005\377\032\147\000\134\017\123\005\126\364\127\006\000\050\000M\000E\000C\000\051\121\163\225\056\160\271\143\320\123\326}{subsection.1.4}% 11
\BOOKMARK [3][-]{subsubsection.1.4.4}{\376\377\000S\000t\000a\000g\000e\000\040\0006\377\032\000P\000n\000P\117\115\131\377\117\060\213\241\116\016\142\113\167\074\127\120\150\007\123\330\143\142}{subsection.1.4}% 12
\BOOKMARK [2][-]{subsection.1.5}{\376\377\211\343\147\220\220\006\217\320\122\250\133\146\154\102\211\343\126\150}{section.1}% 13
\BOOKMARK [3][-]{subsubsection.1.5.1}{\376\377\154\102\211\343\173\227\154\325}{subsection.1.5}% 14
\BOOKMARK [2][-]{subsection.1.6}{\376\377\217\150\217\371\143\322\120\074\116\016\116\062\123\343\225\355\163\257\143\247\122\066}{section.1}% 15
\BOOKMARK [2][-]{subsection.1.7}{\376\377\155\361\136\246\133\146\116\140\145\271\150\110\133\371\153\324\122\006\147\220\377\032\116\072\116\300\116\110\126\336\220\000\122\060\117\040\176\337\211\306\211\311}{section.1}% 16
\BOOKMARK [2][-]{subsection.1.8}{\376\377\217\355\116\343\117\030\123\026\123\206\172\013}{section.1}% 17
\BOOKMARK [2][-]{subsection.1.9}{\376\377\172\357\122\060\172\357\140\047\200\375\143\007\150\007}{section.1}% 18
\BOOKMARK [1][-]{section.2}{\376\377\000S\000p\000e\000e\000d\000y\000B\000o\000t\000\040\146\172\200\375\142\153\127\060\147\072\126\150\116\272}{}% 19
\BOOKMARK [2][-]{subsection.2.1}{\376\377\230\171\166\356\200\314\146\157}{section.2}% 20
\BOOKMARK [2][-]{subsection.2.2}{\376\377\170\154\116\366\213\276\213\241\040\024\040\024\201\352\170\024\000P\000C\000B}{section.2}% 21
\BOOKMARK [2][-]{subsection.2.3}{\376\377\116\013\117\115\147\072\126\372\116\366\040\024\040\024\000F\000r\000e\000e\000R\000T\000O\000S\131\032\116\373\122\241\147\266\147\204}{section.2}% 22
\BOOKMARK [2][-]{subsection.2.4}{\376\377\000P\000I\000D\225\355\163\257\220\037\136\246\143\247\122\066}{section.2}% 23
\BOOKMARK [2][-]{subsection.2.5}{\376\377\000I\000I\000R\117\116\220\032\156\344\154\342\126\150\040\024\040\024\177\026\170\001\126\150\220\037\136\246\136\163\156\321}{section.2}% 24
\BOOKMARK [2][-]{subsection.2.6}{\376\377\165\065\147\072\133\211\121\150\166\321\143\247}{section.2}% 25
\BOOKMARK [2][-]{subsection.2.7}{\376\377\000W\000i\000F\000i\000\040\000U\000D\000P\220\032\117\341\123\117\213\256}{section.2}% 26
\BOOKMARK [2][-]{subsection.2.8}{\376\377\000R\000O\000S\0002\116\012\117\115\147\072\147\266\147\204}{section.2}% 27
\BOOKMARK [3][-]{subsubsection.2.8.1}{\376\377\000U\000D\000P\150\145\143\245\202\202\160\271\040\024\040\024\221\314\172\013\213\241\123\321\136\003}{subsection.2.8}% 28
\BOOKMARK [3][-]{subsubsection.2.8.2}{\376\377\000T\000F\127\120\150\007\174\373}{subsection.2.8}% 29
\BOOKMARK [3][-]{subsubsection.2.8.3}{\376\377\000W\000e\000b\143\247\122\066\165\114\227\142\000R\000E\000S\000T\000\040\000A\000P\000I}{subsection.2.8}% 30
\BOOKMARK [2][-]{subsection.2.9}{\376\377\135\356\220\037\217\320\122\250\133\146\116\016\221\314\172\013\213\241}{section.2}% 31
\BOOKMARK [2][-]{subsection.2.10}{\376\377\000E\000S\000P\0003\0002\000\040\000G\000P\000I\000O\137\025\201\032\122\006\221\115}{section.2}% 32
\BOOKMARK [2][-]{subsection.2.11}{\376\377\155\113\213\325\176\323\147\234}{section.2}% 33
\BOOKMARK [1][-]{section.3}{\376\377\135\345\122\033\215\133\040\024\040\024\000K\0002\0001\0000\146\172\200\375\127\203\127\076\122\006\174\173\213\306\122\053\174\373\176\337}{}% 34
\BOOKMARK [2][-]{subsection.3.1}{\376\377\230\171\166\356\200\314\146\157}{section.3}% 35
\BOOKMARK [2][-]{subsection.3.2}{\376\377\142\200\147\057\145\271\150\110\116\016\133\236\163\260\153\145\232\244}{section.3}% 36
\BOOKMARK [3][-]{subsubsection.3.2.1}{\376\377\000S\000t\000e\000p\000\040\0001\000:\000\040\145\160\143\156\226\306\221\307\226\306\116\016\150\007\154\350}{subsection.3.2}% 37
\BOOKMARK [3][-]{subsubsection.3.2.2}{\376\377\000S\000t\000e\000p\000\040\0002\000:\000\040\000M\000a\000i\000x\000H\000u\000b\116\221\172\357\152\041\127\213\213\255\176\303}{subsection.3.2}% 38
\BOOKMARK [3][-]{subsubsection.3.2.3}{\376\377\000S\000t\000e\000p\000\040\0003\000:\000\040\000M\000a\000i\000x\000P\000y\000\040\000I\000D\000E\116\062\123\343\214\003\213\325\116\016\155\113\213\325}{subsection.3.2}% 39
\BOOKMARK [3][-]{subsubsection.3.2.4}{\376\377\000S\000t\000e\000p\000\040\0004\000:\000\040\116\062\123\343\220\032\117\341\116\016\202\065\147\072\142\147\210\114\147\072\147\204}{subsection.3.2}% 40
\BOOKMARK [3][-]{subsubsection.3.2.5}{\376\377\000S\000t\000e\000p\000\040\0005\000:\000\040\000T\000F\123\141\160\347\137\125\162\354\172\313\217\320\210\114}{subsection.3.2}% 41
\BOOKMARK [2][-]{subsection.3.3}{\376\377\217\355\116\343\117\030\123\026\123\206\172\013}{section.3}% 42
\BOOKMARK [1][-]{section.4}{\376\377\165\065\147\072\232\161\122\250\176\374\124\010\174\373\176\337}{}% 43
\BOOKMARK [2][-]{subsection.4.1}{\376\377\230\171\166\356\200\314\146\157}{section.4}% 44
\BOOKMARK [2][-]{subsection.4.2}{\376\377\174\373\176\337\122\237\200\375\140\073\211\310}{section.4}% 45
\BOOKMARK [2][-]{subsection.4.3}{\376\377\147\011\122\067\165\065\147\072\176\374\124\010\000P\000C\000B\040\024\040\024\170\154\116\366\145\271\150\110}{section.4}% 46
\BOOKMARK [2][-]{subsection.4.4}{\376\377\000A\000D\000C\123\314\220\032\220\123\165\065\123\213\165\065\155\101\150\300\155\113}{section.4}% 47
\BOOKMARK [2][-]{subsection.4.5}{\376\377\000H\150\145\116\244\123\311\143\247\122\066\153\143\123\315\217\154}{section.4}% 48
\BOOKMARK [2][-]{subsection.4.6}{\376\377\143\011\225\056\142\153\143\317\116\016\116\244\116\222\143\247\122\066}{section.4}% 49
\BOOKMARK [2][-]{subsection.4.7}{\376\377\000O\000L\000E\000D\217\157\116\366\000I\0002\000C\146\076\171\072}{section.4}% 50
\BOOKMARK [2][-]{subsection.4.8}{\376\377\000P\000I\225\355\163\257\143\247\122\066\126\150}{section.4}% 51
\BOOKMARK [2][-]{subsection.4.9}{\376\377\145\340\122\067\165\065\147\072\176\374\124\010\000P\000C\000B\040\024\040\024\000F\000O\000C\167\342\221\317\143\247\122\066}{section.4}% 52
\BOOKMARK [2][-]{subsection.4.10}{\376\377\000P\000C\000B\213\276\213\241\217\355\116\343}{section.4}% 53
\BOOKMARK [2][-]{subsection.4.11}{\376\377\116\073\137\252\163\257\143\247\122\066\220\073\217\221}{section.4}% 54
\BOOKMARK [1][-]{section.5}{\376\377\000P\000C\000A\000\040\000+\000\040\000S\000V\000M\000\040\116\272\201\070\213\306\122\053\174\373\176\337}{}% 55
\BOOKMARK [2][-]{subsection.5.1}{\376\377\230\171\166\356\200\314\146\157}{section.5}% 56
\BOOKMARK [2][-]{subsection.5.2}{\376\377\173\227\154\325\155\101\172\013}{section.5}% 57
\BOOKMARK [2][-]{subsection.5.3}{\376\377\150\070\137\303\116\343\170\001\133\236\163\260}{section.5}% 58
\BOOKMARK [3][-]{subsubsection.5.3.1}{\376\377\145\160\143\156\213\373\123\326\116\016\230\204\131\004\164\006}{subsection.5.3}% 59
\BOOKMARK [3][-]{subsubsection.5.3.2}{\376\377\000P\000C\000A\116\073\142\020\122\006\122\006\147\220}{subsection.5.3}% 60
\BOOKMARK [3][-]{subsubsection.5.3.3}{\376\377\000M\000i\000n\000-\000M\000a\000x\162\171\137\201\137\122\116\000\123\026}{subsection.5.3}% 61
\BOOKMARK [3][-]{subsubsection.5.3.4}{\376\377\000O\000n\000e\000-\000v\000s\000-\000A\000l\000l\131\032\122\006\174\173\000S\000V\000M\213\255\176\303}{subsection.5.3}% 62
\BOOKMARK [3][-]{subsubsection.5.3.5}{\376\377\000B\000a\000g\000g\000i\000n\000g\151\202\163\207\142\225\171\150\230\204\155\113}{subsection.5.3}% 63
\BOOKMARK [3][-]{subsubsection.5.3.6}{\376\377\123\125\126\376\230\204\155\113\143\245\123\343}{subsection.5.3}% 64
\BOOKMARK [2][-]{subsection.5.4}{\376\377\000M\000A\000T\000L\000A\000B\000\040\000A\000p\000p\165\114\227\142}{section.5}% 65
\BOOKMARK [2][-]{subsection.5.5}{\376\377\217\355\116\343\117\030\123\026\123\206\172\013}{section.5}% 66
\BOOKMARK [1][-]{section.6}{\376\377\000V\000H\000D\000L\145\160\133\127\220\073\217\221\165\065\215\357\213\276\213\241}{}% 67
\BOOKMARK [2][-]{subsection.6.1}{\376\377\150\070\137\303\000V\000H\000D\000L\152\041\127\127\133\236\163\260}{section.6}% 68
\BOOKMARK [3][-]{subsubsection.6.1.1}{\376\377\126\333\117\115\124\014\153\145\116\214\217\333\122\066\123\357\220\006\213\241\145\160\126\150}{subsection.6.1}% 69
\BOOKMARK [3][-]{subsubsection.6.1.2}{\376\377\126\333\117\115\123\314\124\021\171\373\117\115\133\304\133\130\126\150}{subsection.6.1}% 70
\BOOKMARK [3][-]{subsubsection.6.1.3}{\376\377\124\014\153\145\121\153\217\333\122\066\123\357\220\006\213\241\145\160\126\150}{subsection.6.1}% 71
\BOOKMARK [2][-]{subsection.6.2}{\376\377\116\224\171\315\211\346\123\321\126\150\133\236\163\260}{section.6}% 72
\BOOKMARK [2][-]{subsection.6.3}{\376\377\136\366\117\070\230\171\166\356\377\032\000F\000P\000G\000A\201\352\122\250\137\252\217\371\134\017\217\146}{section.6}% 73
\BOOKMARK [3][-]{subsubsection.6.3.1}{\376\377\174\373\176\337\147\266\147\204\116\016\117\233\165\065\213\276\213\241}{subsection.6.3}% 74
\BOOKMARK [3][-]{subsubsection.6.3.2}{\376\377\201\352\170\024\0008\215\357\176\242\131\026\117\040\141\037\126\150\152\041\127\127}{subsection.6.3}% 75
\BOOKMARK [3][-]{subsubsection.6.3.3}{\376\377\137\252\217\371\173\227\154\325\116\016\116\042\176\277\140\142\131\015\173\126\165\145}{subsection.6.3}% 76
\BOOKMARK [3][-]{subsubsection.6.3.4}{\376\377\165\065\147\072\232\161\122\250\152\041\127\127}{subsection.6.3}% 77
\BOOKMARK [2][-]{subsection.6.4}{\376\377\221\115\131\127\213\276\213\241}{section.6}% 78
\BOOKMARK [1][-]{section.7}{\376\377\0002\0000\0002\0000\165\065\215\133\000C\230\230\040\024\040\024\000A\000D\000S\0001\0002\0009\0002\000R\137\303\165\065\126\376\150\300\155\113\116\352}{}% 79
\BOOKMARK [2][-]{subsection.7.1}{\376\377\230\171\166\356\200\314\146\157\116\016\227\000\154\102}{section.7}% 80
\BOOKMARK [2][-]{subsection.7.2}{\376\377\170\154\116\366\174\373\176\337\040\024\040\024\000A\000D\000S\0001\0002\0009\0002\000R\000\040\000S\000P\000I\220\032\117\341}{section.7}% 81
\BOOKMARK [3][-]{subsubsection.7.2.1}{\376\377\000S\000P\000I\220\032\117\341\123\117\213\256}{subsection.7.2}% 82
\BOOKMARK [3][-]{subsubsection.7.2.2}{\376\377\000A\000D\000S\0001\0002\0009\0002\000R\170\154\116\366\217\336\143\245}{subsection.7.2}% 83
\BOOKMARK [3][-]{subsubsection.7.2.3}{\376\377\000A\000D\000S\0001\0002\0009\0002\000R\145\160\143\156\213\373\123\326}{subsection.7.2}% 84
\BOOKMARK [2][-]{subsection.7.3}{\376\377\000M\000A\000T\000L\000A\000B\173\227\154\325\232\214\213\301}{section.7}% 85
\BOOKMARK [3][-]{subsubsection.7.3.1}{\376\377\123\237\131\313\117\341\123\367\116\016\230\221\214\061\122\006\147\220}{subsection.7.3}% 86
\BOOKMARK [3][-]{subsubsection.7.3.2}{\376\377\166\364\155\101\226\167\154\342\131\004\164\006}{subsection.7.3}% 87
\BOOKMARK [3][-]{subsubsection.7.3.3}{\376\377\000F\000I\000R\117\116\220\032\156\344\154\342\126\150\213\276\213\241}{subsection.7.3}% 88
\BOOKMARK [2][-]{subsection.7.4}{\376\377\000S\000T\000M\0003\0002\135\114\121\145\137\017\133\236\163\260}{section.7}% 89
\BOOKMARK [3][-]{subsubsection.7.4.1}{\376\377\000C\000M\000S\000I\000S\000-\000D\000S\000P\000\040\000F\000F\000T\230\221\214\061\213\241\173\227}{subsection.7.4}% 90
\BOOKMARK [3][-]{subsubsection.7.4.2}{\376\377\000F\000I\000R\156\344\154\342\126\150\135\114\121\145\137\017\220\350\177\162}{subsection.7.4}% 91
\BOOKMARK [3][-]{subsubsection.7.4.3}{\376\377\000L\000C\000D\133\236\145\366\137\303\165\065\154\342\137\142\176\330\122\066}{subsection.7.4}% 92
\BOOKMARK [2][-]{subsection.7.5}{\376\377\117\341\123\367\131\004\164\006\224\376}{section.7}% 93
\BOOKMARK [2][-]{subsection.7.6}{\376\377\000P\000a\000n\000-\000T\000o\000m\000p\000k\000i\000n\000s\173\227\154\325\145\160\133\146\210\150\217\276}{section.7}% 94
\BOOKMARK [2][-]{subsection.7.7}{\376\377\201\352\220\002\136\224\226\010\120\074\173\126\165\145}{section.7}% 95
\BOOKMARK [1][-]{section.8}{\376\377\116\377\165\037\131\032\152\041\140\001\146\172\200\375\123\360\160\157}{}% 96
\BOOKMARK [2][-]{subsection.8.1}{\376\377\213\276\213\241\160\165\141\037\116\016\131\026\211\302\220\040\127\213}{section.8}% 97
\BOOKMARK [2][-]{subsection.8.2}{\376\377\174\373\176\337\140\073\117\123\147\266\147\204}{section.8}% 98
\BOOKMARK [2][-]{subsection.8.3}{\376\377\147\072\150\260\176\323\147\204\213\276\213\241\116\016\217\355\116\343}{section.8}% 99
\BOOKMARK [2][-]{subsection.8.4}{\376\377\0003\000-\000D\000O\000F\220\006\217\320\122\250\133\146\211\343\173\227}{section.8}% 100
\BOOKMARK [2][-]{subsection.8.5}{\376\377\147\011\226\120\162\266\140\001\147\072\116\016\131\032\152\041\140\001\116\244\116\222}{section.8}% 101
\BOOKMARK [2][-]{subsection.8.6}{\376\377\213\355\227\363\213\306\122\053\116\016\116\256\136\246\143\247\122\066\220\032\117\341}{section.8}% 102
\BOOKMARK [1][-]{section.9}{\376\377\147\072\126\150\116\272\202\162\127\127\213\306\122\053\116\016\142\223\123\326}{}% 103
\BOOKMARK [2][-]{subsection.9.1}{\376\377\211\306\211\311\174\373\176\337\040\024\040\024\131\032\202\162\000H\000S\000V\213\306\122\053}{section.9}% 104
\BOOKMARK [2][-]{subsection.9.2}{\376\377\211\306\211\311\117\072\147\015\225\355\163\257\143\247\122\066}{section.9}% 105
\BOOKMARK [2][-]{subsection.9.3}{\376\377\121\155\153\145\142\223\123\326\155\101\172\013}{section.9}% 106
\BOOKMARK [1][-]{section.10}{\376\377\000F\000S\000B\000B\134\026\134\360\210\145\200\375\174\373\176\337}{}% 107
\BOOKMARK [2][-]{subsection.10.1}{\376\377\230\171\166\356\200\314\146\157}{section.10}% 108
\BOOKMARK [2][-]{subsection.10.2}{\376\377\000F\000S\000B\000B\142\323\142\121\176\323\147\204}{section.10}% 109
\BOOKMARK [2][-]{subsection.10.3}{\376\377\174\373\176\337\147\266\147\204\116\016\152\041\127\127\123\026\213\276\213\241}{section.10}% 110
\BOOKMARK [2][-]{subsection.10.4}{\376\377\000`\000`\116\011\163\257\136\166\200\124\000'\000'\130\236\221\317\137\017\000P\000I\000D\123\117\124\014\143\247\122\066}{section.10}% 111
\BOOKMARK [2][-]{subsection.10.5}{\376\377\153\353\171\322\176\247\232\330\220\037\117\233\165\065\122\007\143\142\152\041\127\127}{section.10}% 112
\BOOKMARK [2][-]{subsection.10.6}{\376\377\215\213\122\277\141\037\167\345\122\250\140\001\226\120\136\105\156\344\154\342}{section.10}% 113
\BOOKMARK [1][-]{section.11}{\376\377\143\021\142\030\147\157\000\267\227\122\136\164\121\173\200\001\215\113\200\375\213\241\122\022}{}% 114
\BOOKMARK [2][-]{subsection.11.1}{\376\377\230\171\166\356\200\314\146\157}{section.11}% 115
\BOOKMARK [2][-]{subsection.11.2}{\376\377\150\070\137\303\122\033\145\260\040\024\040\024\172\201\170\064\126\333\221\315\130\301\127\222}{section.11}% 116
\BOOKMARK [2][-]{subsection.11.3}{\376\377\133\236\215\365\142\020\147\234}{section.11}% 117
\BOOKMARK [1][-]{section.12}{\376\377\000Q\000E\000A\165\065\122\250\202\071\213\276\213\241\116\016\172\063\140\047\122\006\147\220}{}% 118
\BOOKMARK [2][-]{subsection.12.1}{\376\377\230\171\166\356\151\202\217\360}{section.12}% 119
\BOOKMARK [2][-]{subsection.12.2}{\376\377\202\071\117\123\176\323\147\204\213\276\213\241}{section.12}% 120
\BOOKMARK [2][-]{subsection.12.3}{\376\377\000M\000A\000T\000L\000A\000B\172\063\140\047\122\006\147\220}{section.12}% 121
\BOOKMARK [3][-]{subsubsection.12.3.1}{\376\377\202\071\117\123\121\340\117\125\123\302\145\160\123\026}{subsection.12.3}% 122
\BOOKMARK [3][-]{subsubsection.12.3.2}{\376\377\124\003\154\064\176\277\217\355\116\343\116\016\155\156\137\303\213\241\173\227}{subsection.12.3}% 123
\BOOKMARK [3][-]{subsubsection.12.3.3}{\376\377\131\015\123\237\122\233\201\302\116\016\172\063\140\047\146\362\176\277}{subsection.12.3}% 124
\BOOKMARK [2][-]{subsection.12.4}{\376\377\133\236\202\071\122\066\220\040\116\016\116\013\154\064\155\113\213\325}{section.12}% 125
\BOOKMARK [1][-]{section.13}{\376\377\135\345\172\013\123\237\164\006\040\024\040\024\157\300\121\111\226\367\217\276\215\357\137\204\211\304\122\022\174\373\176\337}{}% 126
\BOOKMARK [2][-]{subsection.13.1}{\376\377\230\171\166\356\151\202\217\360}{section.13}% 127
\BOOKMARK [2][-]{subsection.13.2}{\376\377\157\300\121\111\226\367\217\276\145\160\143\156\221\307\226\306\116\016\211\343\147\220}{section.13}% 128
\BOOKMARK [2][-]{subsection.13.3}{\376\377\127\006\147\361\226\234\170\215\162\151\150\300\155\113\040\024\040\024\174\173\000R\000A\000N\000S\000A\000C\173\227\154\325}{section.13}% 129
\BOOKMARK [2][-]{subsection.13.4}{\376\377\165\065\147\072\232\161\122\250\116\016\202\065\147\072\143\247\122\066}{section.13}% 130
\BOOKMARK [2][-]{subsection.13.5}{\376\377\000M\000A\000T\000L\000A\000B\116\012\117\115\147\072\116\016\215\357\137\204\123\357\211\306\123\026}{section.13}% 131
\BOOKMARK [1][-]{section.14}{\376\377\000S\000R\000T\000P\000\040\133\146\165\037\171\321\170\024\213\255\176\303\230\171\166\356\040\024\040\024\165\065\170\301\160\256}{}% 132
\BOOKMARK [2][-]{subsection.14.1}{\376\377\170\024\172\166\200\314\146\157\116\016\166\356\150\007}{section.14}% 133
\BOOKMARK [2][-]{subsection.14.2}{\376\377\174\373\176\337\140\073\117\123\213\276\213\241\040\024\040\024\152\041\127\127\123\026\147\266\147\204}{section.14}% 134
\BOOKMARK [2][-]{subsection.14.3}{\376\377\201\352\170\024\211\346\123\321\152\041\127\127\000P\000C\000B\213\276\213\241}{section.14}% 135
\BOOKMARK [2][-]{subsection.14.4}{\376\377\000I\000G\000B\000T\121\163\145\255\162\171\140\047\133\236\232\214\122\006\147\220}{section.14}% 136
\BOOKMARK [2][-]{subsection.14.5}{\376\377\131\032\145\366\127\372\145\076\165\065\154\342\137\142\133\371\153\324\133\236\232\214}{section.14}% 137
\BOOKMARK [2][-]{subsection.14.6}{\376\377\000R\000L\000C\145\076\165\065\164\006\213\272\152\041\127\213\116\016\133\236\232\214\232\214\213\301}{section.14}% 138
\BOOKMARK [2][-]{subsection.14.7}{\376\377\230\171\166\356\145\066\203\267\116\016\171\321\170\024\175\040\121\173}{section.14}% 139
\BOOKMARK [1][-]{section.15}{\376\377\127\006\137\142\205\204\201\234\143\057\122\250\166\204\164\006\213\272\122\006\147\220\116\016\133\236\232\214\232\214\213\301}{}% 140
\BOOKMARK [2][-]{subsection.15.1}{\376\377\225\356\230\230\137\025\121\145\377\032\123\125\153\041\145\162\121\373\166\204\145\366\127\337\167\254\140\001\122\006\147\220}{section.15}% 141
\BOOKMARK [3][-]{subsubsection.15.1.1}{\376\377\122\006\171\273\123\330\221\317\154\325\154\102\211\343\147\054\137\201\152\041\140\001}{subsection.15.1}% 142
\BOOKMARK [3][-]{subsubsection.15.1.2}{\376\377\000C\000O\000M\000S\000O\000L\116\377\167\037\232\214\213\301\167\254\140\001\124\315\136\224}{subsection.15.1}% 143
\BOOKMARK [2][-]{subsection.15.2}{\376\377\170\024\172\166\215\357\176\277\121\163\225\056\217\355\116\343\377\032\116\316\145\366\127\337\122\060\230\221\127\337}{section.15}% 144
\BOOKMARK [3][-]{subsubsection.15.2.1}{\376\377\230\221\127\337\172\063\140\001\164\006\213\272\377\032\000H\000e\000l\000m\000h\000o\000l\000t\000z\145\271\172\013\116\016\121\161\143\057\173\133\220\011}{subsection.15.2}% 145
\BOOKMARK [2][-]{subsection.15.3}{\376\377\150\070\137\303\232\214\213\301\122\044\143\156\377\032\230\221\163\207\153\324\133\232\137\213}{section.15}% 146
\BOOKMARK [2][-]{subsection.15.4}{\376\377\000M\000A\000T\000L\000A\000B\116\377\167\037\377\032\147\054\137\201\152\041\140\001\202\202\176\277\123\357\211\306\123\026}{section.15}% 147
\BOOKMARK [2][-]{subsection.15.5}{\376\377\133\236\232\214\213\276\213\241\377\032\142\153\230\221\000+\000C\000h\000l\000a\000d\000n\000i\166\320\174\222\154\325}{section.15}% 148
\BOOKMARK [3][-]{subsubsection.15.5.1}{\376\377\133\236\232\214\210\305\177\156}{subsection.15.5}% 149
\BOOKMARK [3][-]{subsubsection.15.5.2}{\376\377\166\320\174\222\146\076\137\161\147\072\164\006}{subsection.15.5}% 150
\BOOKMARK [2][-]{subsection.15.6}{\376\377\133\236\232\214\176\323\147\234\116\016\164\006\213\272\133\371\161\147}{section.15}% 151
\BOOKMARK [3][-]{subsubsection.15.6.1}{\376\377\225\032\160\271\152\041\140\001\000\050\0000\000,\0002\000\051\000\040\000@\000\040\0005\0002\0005\000\040\000H\000z\040\024\040\024\124\014\137\303\123\314\127\010}{subsection.15.6}% 152
\BOOKMARK [3][-]{subsubsection.15.6.2}{\376\377\152\041\140\001\000\050\0001\000,\0001\000\051\000\040\000@\000\040\0003\0006\0005\040\023\0003\0007\0000\000\040\000H\000z\040\024\040\024\166\364\137\204\202\202\176\277}{subsection.15.6}% 153
\BOOKMARK [3][-]{subsubsection.15.6.3}{\376\377\152\041\140\001\000\050\0000\000,\0001\000\051\127\372\230\221\040\024\040\024\172\172\137\303\127\006\163\257}{subsection.15.6}% 154
\BOOKMARK [3][-]{subsubsection.15.6.4}{\376\377\152\041\140\001\000\050\0002\000,\0001\000\051\166\204\211\302\155\113\126\360\226\276\116\016\123\237\126\340\122\006\147\220}{subsection.15.6}% 155
\BOOKMARK [2][-]{subsection.15.7}{\376\377\133\232\221\317\232\214\213\301\154\107\140\073}{section.15}% 156
\BOOKMARK [2][-]{subsection.15.8}{\376\377\133\236\232\214\116\015\215\263\116\016\123\315\140\035}{section.15}% 157
\BOOKMARK [1][-]{section.16}{\376\377\145\121\160\176\147\072\126\150\116\272\116\272\126\340\122\006\147\220}{}% 158
\BOOKMARK [2][-]{subsection.16.1}{\376\377\170\024\172\166\200\314\146\157\377\032\226\247\220\123\155\052\155\235\166\204\147\201\172\357\145\121\143\364\227\000\154\102}{section.16}% 159
\BOOKMARK [2][-]{subsection.16.2}{\376\377\170\024\172\166\213\276\213\241\377\032\165\050\142\067\227\000\154\102\122\006\147\220\116\016\133\236\232\214\150\106\147\266}{section.16}% 160
\BOOKMARK [3][-]{subsubsection.16.2.1}{\376\377\123\314\211\322\202\162\227\000\154\102\143\026\143\230}{subsection.16.2}% 161
\BOOKMARK [3][-]{subsubsection.16.2.2}{\376\377\165\114\227\142\131\015\147\102\136\246\156\020\217\333\213\276\213\241}{subsection.16.2}% 162
\BOOKMARK [3][-]{subsubsection.16.2.3}{\376\377\142\337\116\272\123\026\172\013\136\246\213\276\213\241}{subsection.16.2}% 163
\BOOKMARK [2][-]{subsection.16.3}{\376\377\000U\000n\000i\000t\000y\116\377\167\037\133\236\232\214}{section.16}% 164
\BOOKMARK [3][-]{subsubsection.16.3.1}{\376\377\133\236\232\214\213\276\213\241}{subsection.16.3}% 165
\BOOKMARK [3][-]{subsubsection.16.3.2}{\376\377\126\340\123\330\221\317\155\113\221\317}{subsection.16.3}% 166
\BOOKMARK [2][-]{subsection.16.4}{\376\377\150\070\137\303\133\236\232\214\123\321\163\260}{section.16}% 167
\BOOKMARK [3][-]{subsubsection.16.4.1}{\376\377\123\321\163\260\0001\377\032\147\072\126\150\116\272\172\063\140\001\146\057\145\110\163\207\166\204\000"\127\372\136\247\000"}{subsection.16.4}% 168
\BOOKMARK [3][-]{subsubsection.16.4.2}{\376\377\123\321\163\260\0002\377\032\000A\000I\217\205\122\251\133\130\127\050\000"\140\305\130\203\220\002\221\115\123\072\225\364\000"}{subsection.16.4}% 169
\BOOKMARK [3][-]{subsubsection.16.4.3}{\376\377\123\321\163\260\0003\377\032\134\017\127\060\126\376\117\134\116\072\000"\131\026\220\350\123\026\213\244\167\345\145\057\147\266\000"}{subsection.16.4}% 170
\BOOKMARK [3][-]{subsubsection.16.4.4}{\376\377\123\321\163\260\0004\377\032\173\054\116\011\116\272\171\360\211\306\211\322\146\076\204\127\226\115\117\116\146\125\122\250\165\307}{subsection.16.4}% 171
\BOOKMARK [3][-]{subsubsection.16.4.5}{\376\377\123\321\163\260\0005\377\032\142\337\116\272\123\026\124\110\000"\120\022\000U\127\213\000"\145\110\136\224}{subsection.16.4}% 172
\BOOKMARK [2][-]{subsection.16.5}{\376\377\217\205\122\251\170\024\172\166\377\032\123\132\162\151\231\206\134\125\173\176\117\341\140\157\122\006\134\102\166\204\116\272\126\340\122\006\147\220}{section.16}% 173
\BOOKMARK [2][-]{subsection.16.6}{\376\377\213\276\213\241\117\030\123\026\136\372\213\256}{section.16}% 174
\BOOKMARK [1][-]{section.17}{\376\377\135\345\172\013\213\276\213\241\213\376\172\013\230\171\166\356\040\024\040\024\000G\000a\000m\000m\000a\127\213\145\257\162\171\147\227\123\321\122\250\147\072\200\124\124\010\116\377\167\037}{}% 175
\BOOKMARK [2][-]{subsection.17.1}{\376\377\145\257\162\171\147\227\137\252\163\257\160\355\122\233\133\146\127\372\170\100}{section.17}% 176
\BOOKMARK [2][-]{subsection.17.2}{\376\377\123\362\133\306\162\171\164\006\213\272\136\372\152\041}{section.17}% 177
\BOOKMARK [3][-]{subsubsection.17.2.1}{\376\377\133\271\171\357\116\016\123\213\122\233\166\204\211\343\147\220\210\150\217\276}{subsection.17.2}% 178
\BOOKMARK [2][-]{subsection.17.3}{\376\377\176\323\147\204\123\302\145\160\213\276\213\241}{section.17}% 179
\BOOKMARK [2][-]{subsection.17.4}{\376\377\000M\000A\000T\000L\000A\000B\146\362\176\277\213\241\173\227}{section.17}% 180
\BOOKMARK [2][-]{subsection.17.5}{\376\377\000S\000o\000l\000i\000d\000W\000o\000r\000k\000s\116\011\176\364\136\372\152\041\116\016\000A\000D\000A\000M\000S\116\377\167\037}{section.17}% 181
\BOOKMARK [3][-]{subsubsection.17.5.1}{\376\377\116\011\176\364\176\323\147\204\152\041\127\213}{subsection.17.5}% 182
\BOOKMARK [3][-]{subsubsection.17.5.2}{\376\377\000A\000D\000A\000M\000S\217\320\122\250\122\157\116\016\176\246\147\137\213\276\177\156}{subsection.17.5}% 183
\BOOKMARK [2][-]{subsection.17.6}{\376\377\000A\000D\000A\000M\000S\000-\000M\000A\000T\000L\000A\000B\200\124\124\010\116\377\167\037}{section.17}% 184
\BOOKMARK [3][-]{subsubsection.17.6.1}{\376\377\000S\000i\000m\000u\000l\000i\000n\000k\160\355\122\233\152\041\127\213}{subsection.17.6}% 185
\BOOKMARK [3][-]{subsubsection.17.6.2}{\376\377\116\377\167\037\176\323\147\234\116\016\122\006\147\220}{subsection.17.6}% 186
\BOOKMARK [3][-]{subsubsection.17.6.3}{\376\377\123\302\145\160\145\117\141\037\140\047\122\006\147\220\116\016\117\030\123\026}{subsection.17.6}% 187
\BOOKMARK [1][-]{section.18}{\376\377\0002\0000\0002\0005\000\040\000C\000U\000P\000T\000/\000I\000Y\000P\000T\000/\000C\000Y\000P\000T\000\040\0008\000.\140\254\155\156\155\262\117\123}{}% 188
\BOOKMARK [2][-]{subsection.18.1}{\376\377\170\024\172\166\200\314\146\157\116\016\213\376\230\230\122\006\147\220}{section.18}% 189
\BOOKMARK [2][-]{subsection.18.2}{\376\377\164\006\213\272\122\006\147\220}{section.18}% 190
\BOOKMARK [3][-]{subsubsection.18.2.1}{\376\377\000R\000a\000y\000l\000e\000i\000g\000h\040\023\000T\000a\000y\000l\000o\000r\116\015\172\063\133\232\140\047\116\016\227\131\140\001\122\006\147\220}{subsection.18.2}% 191
\BOOKMARK [3][-]{subsubsection.18.2.2}{\376\377\000K\000a\000p\000i\000t\000z\000a\145\110\136\224\116\016\122\250\140\001\172\063\133\232\123\026}{subsection.18.2}% 192
\BOOKMARK [3][-]{subsubsection.18.2.3}{\376\377\154\024\154\341\116\064\165\114\116\013\154\211\155\361\136\246}{subsection.18.2}% 193
\BOOKMARK [3][-]{subsubsection.18.2.4}{\376\377\215\037\221\315\122\233\145\110\136\224\116\016\120\022\177\156\155\156\122\233}{subsection.18.2}% 194
\BOOKMARK [2][-]{subsection.18.3}{\376\377\230\204\133\236\232\214}{section.18}% 195
\BOOKMARK [2][-]{subsection.18.4}{\376\377\133\236\232\214\232\214\213\301}{section.18}% 196
\BOOKMARK [3][-]{subsubsection.18.4.1}{\376\377\133\236\232\214\126\150\147\120\116\016\145\271\154\325}{subsection.18.4}% 197
\BOOKMARK [3][-]{subsubsection.18.4.2}{\376\377\230\221\163\207\137\161\124\315\133\236\232\214}{subsection.18.4}% 198
\BOOKMARK [3][-]{subsubsection.18.4.3}{\376\377\152\052\142\052\227\142\171\357\137\161\124\315\133\236\232\214}{subsection.18.4}% 199
\BOOKMARK [3][-]{subsubsection.18.4.4}{\376\377\154\350\134\004\155\361\136\246\116\016\116\064\165\114\155\361\136\246}{subsection.18.4}% 200
\BOOKMARK [2][-]{subsection.18.5}{\376\377\000C\000O\000M\000S\000O\000L\131\032\166\370\155\101\116\377\167\037}{section.18}% 201
\BOOKMARK [3][-]{subsubsection.18.5.1}{\376\377\116\377\167\037\136\372\152\041}{subsection.18.5}% 202
\BOOKMARK [3][-]{subsubsection.18.5.2}{\376\377\230\221\163\207\133\371\153\324\232\214\213\301}{subsection.18.5}% 203
\BOOKMARK [3][-]{subsubsection.18.5.3}{\376\377\152\052\142\052\227\142\171\357\133\371\153\324\232\214\213\301}{subsection.18.5}% 204
\BOOKMARK [3][-]{subsubsection.18.5.4}{\376\377\154\350\134\004\155\361\136\246\133\371\153\324\232\214\213\301}{subsection.18.5}% 205
\BOOKMARK [3][-]{subsubsection.18.5.5}{\376\377\165\114\227\142\162\171\137\201\155\361\121\145\122\006\147\220}{subsection.18.5}% 206
\BOOKMARK [2][-]{subsection.18.6}{\376\377\154\024\154\341\210\114\116\072\211\302\133\337}{section.18}% 207
\BOOKMARK [2][-]{subsection.18.7}{\376\377\213\357\135\356\122\006\147\220\116\016\116\015\215\263}{section.18}% 208
\BOOKMARK [1][-]{section.19}{\376\377\140\073\176\323\116\016\142\200\147\057\150\010\121\150\146\157}{}% 209
\BOOKMARK [2][-]{subsection.19.1}{\376\377\142\200\147\057\150\010\140\073\211\310}{section.19}% 210
\BOOKMARK [2][-]{subsection.19.2}{\376\377\200\375\122\233\142\020\225\177\215\357\137\204}{section.19}% 211
\BOOKMARK [2][-]{subsection.19.3}{\376\377\150\070\137\303\203\143\212\211}{section.19}% 212
